# JRE version: OpenJDK Runtime Environment Corretto-11.0.15.9.1 (11.0.15+9) (build 11.0.15+9-LTS)
# Java VM: OpenJDK 64-Bit Server VM Corretto-11.0.15.9.1 (11.0.15+9-LTS, mixed mode, tiered, compressed oops, g1 gc, windows-amd64)
Heap:
 garbage-first heap   total 315392K, used 83597K [0x0000000701a00000, 0x0000000800000000)
  region size 1024K, 50 young (51200K), 7 survivors (7168K)
 Metaspace       used 85311K, capacity 87654K, committed 87936K, reserved 1126400K
  class space    used 10754K, capacity 11606K, committed 11648K, reserved 1048576K
GC Heap History (18 events):
Event: 0.964 GC heap before
{Heap before GC invocations=0 (full 0):
 garbage-first heap   total 262144K, used 24576K [0x0000000701a00000, 0x0000000800000000)
  region size 1024K, 24 young (24576K), 0 survivors (0K)
 Metaspace       used 10755K, capacity 10894K, committed 11136K, reserved 1058816K
  class space    used 999K, capacity 1054K, committed 1152K, reserved 1048576K
}
Event: 0.971 GC heap after
{Heap after GC invocations=1 (full 0):
 garbage-first heap   total 262144K, used 9934K [0x0000000701a00000, 0x0000000800000000)
  region size 1024K, 3 young (3072K), 3 survivors (3072K)
 Metaspace       used 10755K, capacity 10894K, committed 11136K, reserved 1058816K
  class space    used 999K, capacity 1054K, committed 1152K, reserved 1048576K
}
Event: 1.466 GC heap before
{Heap before GC invocations=1 (full 0):
 garbage-first heap   total 262144K, used 30414K [0x0000000701a00000, 0x0000000800000000)
  region size 1024K, 24 young (24576K), 3 survivors (3072K)
 Metaspace       used 14744K, capacity 14996K, committed 15232K, reserved 1062912K
  class space    used 1447K, capacity 1555K, committed 1664K, reserved 1048576K
}
Event: 1.470 GC heap after
{Heap after GC invocations=2 (full 0):
 garbage-first heap   total 262144K, used 10749K [0x0000000701a00000, 0x0000000800000000)
  region size 1024K, 2 young (2048K), 2 survivors (2048K)
 Metaspace       used 14744K, capacity 14996K, committed 15232K, reserved 1062912K
  class space    used 1447K, capacity 1555K, committed 1664K, reserved 1048576K
}
Event: 2.219 GC heap before
{Heap before GC invocations=2 (full 0):
 garbage-first heap   total 262144K, used 51709K [0x0000000701a00000, 0x0000000800000000)
  region size 1024K, 43 young (44032K), 2 survivors (2048K)
 Metaspace       used 20710K, capacity 21170K, committed 21248K, reserved 1069056K
  class space    used 2266K, capacity 2486K, committed 2560K, reserved 1048576K
}
Event: 2.224 GC heap after
{Heap after GC invocations=3 (full 0):
 garbage-first heap   total 262144K, used 12364K [0x0000000701a00000, 0x0000000800000000)
  region size 1024K, 3 young (3072K), 3 survivors (3072K)
 Metaspace       used 20710K, capacity 21170K, committed 21248K, reserved 1069056K
  class space    used 2266K, capacity 2486K, committed 2560K, reserved 1048576K
}
Event: 4.607 GC heap before
{Heap before GC invocations=4 (full 0):
 garbage-first heap   total 262144K, used 162892K [0x0000000701a00000, 0x0000000800000000)
  region size 1024K, 151 young (154624K), 3 survivors (3072K)
 Metaspace       used 34739K, capacity 35673K, committed 35840K, reserved 1081344K
  class space    used 4036K, capacity 4349K, committed 4352K, reserved 1048576K
}
Event: 4.627 GC heap after
{Heap after GC invocations=5 (full 0):
 garbage-first heap   total 262144K, used 17489K [0x0000000701a00000, 0x0000000800000000)
  region size 1024K, 8 young (8192K), 8 survivors (8192K)
 Metaspace       used 34739K, capacity 35673K, committed 35840K, reserved 1081344K
  class space    used 4036K, capacity 4349K, committed 4352K, reserved 1048576K
}
Event: 9.274 GC heap before
{Heap before GC invocations=6 (full 0):
 garbage-first heap   total 262144K, used 165969K [0x0000000701a00000, 0x0000000800000000)
  region size 1024K, 153 young (156672K), 8 survivors (8192K)
 Metaspace       used 54744K, capacity 56054K, committed 56192K, reserved 1097728K
  class space    used 6725K, capacity 7250K, committed 7296K, reserved 1048576K
}
Event: 9.294 GC heap after
{Heap after GC invocations=7 (full 0):
 garbage-first heap   total 262144K, used 27264K [0x0000000701a00000, 0x0000000800000000)
  region size 1024K, 18 young (18432K), 18 survivors (18432K)
 Metaspace       used 54744K, capacity 56054K, committed 56192K, reserved 1097728K
  class space    used 6725K, capacity 7250K, committed 7296K, reserved 1048576K
}
Event: 9.952 GC heap before
{Heap before GC invocations=7 (full 0):
 garbage-first heap   total 262144K, used 51840K [0x0000000701a00000, 0x0000000800000000)
  region size 1024K, 43 young (44032K), 18 survivors (18432K)
 Metaspace       used 58466K, capacity 59821K, committed 59904K, reserved 1101824K
  class space    used 7304K, capacity 7858K, committed 7936K, reserved 1048576K
}
Event: 9.982 GC heap after
{Heap after GC invocations=8 (full 0):
 garbage-first heap   total 262144K, used 29135K [0x0000000701a00000, 0x0000000800000000)
  region size 1024K, 12 young (12288K), 12 survivors (12288K)
 Metaspace       used 58466K, capacity 59821K, committed 59904K, reserved 1101824K
  class space    used 7304K, capacity 7858K, committed 7936K, reserved 1048576K
}
Event: 12.231 GC heap before
{Heap before GC invocations=9 (full 0):
 garbage-first heap   total 262144K, used 173519K [0x0000000701a00000, 0x0000000800000000)
  region size 1024K, 153 young (156672K), 12 survivors (12288K)
 Metaspace       used 69336K, capacity 71182K, committed 71424K, reserved 1112064K
  class space    used 8695K, capacity 9425K, committed 9472K, reserved 1048576K
}
Event: 12.247 GC heap after
{Heap after GC invocations=10 (full 0):
 garbage-first heap   total 315392K, used 34946K [0x0000000701a00000, 0x0000000800000000)
  region size 1024K, 8 young (8192K), 8 survivors (8192K)
 Metaspace       used 69336K, capacity 71182K, committed 71424K, reserved 1112064K
  class space    used 8695K, capacity 9425K, committed 9472K, reserved 1048576K
}
Event: 13.099 GC heap before
{Heap before GC invocations=10 (full 0):
 garbage-first heap   total 315392K, used 217218K [0x0000000701a00000, 0x0000000800000000)
  region size 1024K, 184 young (188416K), 8 survivors (8192K)
 Metaspace       used 70755K, capacity 72619K, committed 72832K, reserved 1112064K
  class space    used 8819K, capacity 9560K, committed 9600K, reserved 1048576K
}
Event: 13.109 GC heap after
{Heap after GC invocations=11 (full 0):
 garbage-first heap   total 315392K, used 41293K [0x0000000701a00000, 0x0000000800000000)
  region size 1024K, 15 young (15360K), 15 survivors (15360K)
 Metaspace       used 70755K, capacity 72619K, committed 72832K, reserved 1112064K
  class space    used 8819K, capacity 9560K, committed 9600K, reserved 1048576K
}
Event: 26.810 GC heap before
{Heap before GC invocations=11 (full 0):
 garbage-first heap   total 315392K, used 213325K [0x0000000701a00000, 0x0000000800000000)
  region size 1024K, 184 young (188416K), 15 survivors (15360K)
 Metaspace       used 84208K, capacity 86417K, committed 86656K, reserved 1124352K
  class space    used 10654K, capacity 11521K, committed 11648K, reserved 1048576K
}
Event: 26.821 GC heap after
{Heap after GC invocations=12 (full 0):
 garbage-first heap   total 315392K, used 40589K [0x0000000701a00000, 0x0000000800000000)
  region size 1024K, 7 young (7168K), 7 survivors (7168K)
 Metaspace       used 84208K, capacity 86417K, committed 86656K, reserved 1124352K
  class space    used 10654K, capacity 11521K, committed 11648K, reserved 1048576K
}

