# JRE version: OpenJDK Runtime Environment Corretto-11.0.15.9.1 (11.0.15+9) (build 11.0.15+9-LTS)
# Java VM: OpenJDK 64-Bit Server VM Corretto-11.0.15.9.1 (11.0.15+9-LTS, mixed mode, tiered, compressed oops, g1 gc, windows-amd64)
Heap:
 garbage-first heap   total 262144K, used 62853K [0x0000000701a00000, 0x0000000800000000)
  region size 1024K, 53 young (54272K), 3 survivors (3072K)
 Metaspace       used 27562K, capacity 28143K, committed 28288K, reserved 1075200K
  class space    used 3201K, capacity 3433K, committed 3456K, reserved 1048576K
GC Heap History (6 events):
Event: 9.055 GC heap before
{Heap before GC invocations=0 (full 0):
 garbage-first heap   total 262144K, used 24576K [0x0000000701a00000, 0x0000000800000000)
  region size 1024K, 24 young (24576K), 0 survivors (0K)
 Metaspace       used 10868K, capacity 11042K, committed 11136K, reserved 1058816K
  class space    used 1008K, capacity 1061K, committed 1152K, reserved 1048576K
}
Event: 9.062 GC heap after
{Heap after GC invocations=1 (full 0):
 garbage-first heap   total 262144K, used 10044K [0x0000000701a00000, 0x0000000800000000)
  region size 1024K, 3 young (3072K), 3 survivors (3072K)
 Metaspace       used 10868K, capacity 11042K, committed 11136K, reserved 1058816K
  class space    used 1008K, capacity 1061K, committed 1152K, reserved 1048576K
}
Event: 9.501 GC heap before
{Heap before GC invocations=1 (full 0):
 garbage-first heap   total 262144K, used 27452K [0x0000000701a00000, 0x0000000800000000)
  region size 1024K, 20 young (20480K), 3 survivors (3072K)
 Metaspace       used 13446K, capacity 13694K, committed 13824K, reserved 1060864K
  class space    used 1328K, capacity 1420K, committed 1536K, reserved 1048576K
}
Event: 9.505 GC heap after
{Heap after GC invocations=2 (full 0):
 garbage-first heap   total 262144K, used 10926K [0x0000000701a00000, 0x0000000800000000)
  region size 1024K, 1 young (1024K), 1 survivors (1024K)
 Metaspace       used 13446K, capacity 13694K, committed 13824K, reserved 1060864K
  class space    used 1328K, capacity 1420K, committed 1536K, reserved 1048576K
}
Event: 10.715 GC heap before
{Heap before GC invocations=2 (full 0):
 garbage-first heap   total 262144K, used 55982K [0x0000000701a00000, 0x0000000800000000)
  region size 1024K, 46 young (47104K), 1 survivors (1024K)
 Metaspace       used 20717K, capacity 21162K, committed 21248K, reserved 1069056K
  class space    used 2283K, capacity 2485K, committed 2560K, reserved 1048576K
}
Event: 10.721 GC heap after
{Heap after GC invocations=3 (full 0):
 garbage-first heap   total 262144K, used 12677K [0x0000000701a00000, 0x0000000800000000)
  region size 1024K, 3 young (3072K), 3 survivors (3072K)
 Metaspace       used 20717K, capacity 21162K, committed 21248K, reserved 1069056K
  class space    used 2283K, capacity 2485K, committed 2560K, reserved 1048576K
}

